  [1m[36m (2.6ms)[0m  [1mCREATE TABLE "schema_migrations" ("version" varchar(255) NOT NULL) [0m
  [1m[35m (0.7ms)[0m  select sqlite_version(*)
  [1m[36m (3.4ms)[0m  [1mCREATE UNIQUE INDEX "unique_schema_migrations" ON "schema_migrations" ("version")[0m
  [1m[35mActiveRecord::SchemaMigration Load (0.2ms)[0m  SELECT "schema_migrations".* FROM "schema_migrations"
Migrating to CreateProducts (20141110204152)
  [1m[36m (0.1ms)[0m  [1mbegin transaction[0m
  [1m[35m (2.8ms)[0m  CREATE TABLE "products" ("id" INTEGER PRIMARY KEY AUTOINCREMENT NOT NULL, "name" varchar(255), "description" text, "price_in_cents" integer, "created_at" datetime, "updated_at" datetime) 
  [1m[36mSQL (0.3ms)[0m  [1mINSERT INTO "schema_migrations" ("version") VALUES (?)[0m  [["version", "20141110204152"]]
  [1m[35m (3.7ms)[0m  commit transaction
  [1m[36mActiveRecord::SchemaMigration Load (0.2ms)[0m  [1mSELECT "schema_migrations".* FROM "schema_migrations"[0m


Started GET "/index" for 127.0.0.1 at 2014-11-10 16:27:57 -0500
  [1m[36mActiveRecord::SchemaMigration Load (0.5ms)[0m  [1mSELECT "schema_migrations".* FROM "schema_migrations"[0m

ActionController::RoutingError (No route matches [GET] "/index"):
  actionpack (4.1.7) lib/action_dispatch/middleware/debug_exceptions.rb:21:in `call'
  actionpack (4.1.7) lib/action_dispatch/middleware/show_exceptions.rb:30:in `call'
  railties (4.1.7) lib/rails/rack/logger.rb:38:in `call_app'
  railties (4.1.7) lib/rails/rack/logger.rb:20:in `block in call'
  activesupport (4.1.7) lib/active_support/tagged_logging.rb:68:in `block in tagged'
  activesupport (4.1.7) lib/active_support/tagged_logging.rb:26:in `tagged'
  activesupport (4.1.7) lib/active_support/tagged_logging.rb:68:in `tagged'
  railties (4.1.7) lib/rails/rack/logger.rb:20:in `call'
  actionpack (4.1.7) lib/action_dispatch/middleware/request_id.rb:21:in `call'
  rack (1.5.2) lib/rack/methodoverride.rb:21:in `call'
  rack (1.5.2) lib/rack/runtime.rb:17:in `call'
  activesupport (4.1.7) lib/active_support/cache/strategy/local_cache_middleware.rb:26:in `call'
  rack (1.5.2) lib/rack/lock.rb:17:in `call'
  actionpack (4.1.7) lib/action_dispatch/middleware/static.rb:84:in `call'
  rack (1.5.2) lib/rack/sendfile.rb:112:in `call'
  railties (4.1.7) lib/rails/engine.rb:514:in `call'
  railties (4.1.7) lib/rails/application.rb:144:in `call'
  rack (1.5.2) lib/rack/lock.rb:17:in `call'
  rack (1.5.2) lib/rack/content_length.rb:14:in `call'
  rack (1.5.2) lib/rack/handler/webrick.rb:60:in `service'
  /Users/marialuisafonacier/.rbenv/versions/2.1.2/lib/ruby/2.1.0/webrick/httpserver.rb:138:in `service'
  /Users/marialuisafonacier/.rbenv/versions/2.1.2/lib/ruby/2.1.0/webrick/httpserver.rb:94:in `run'
  /Users/marialuisafonacier/.rbenv/versions/2.1.2/lib/ruby/2.1.0/webrick/server.rb:295:in `block in start_thread'


  Rendered /Users/marialuisafonacier/.rbenv/versions/2.1.2/lib/ruby/gems/2.1.0/gems/actionpack-4.1.7/lib/action_dispatch/middleware/templates/rescues/_trace.html.erb (2.2ms)
  Rendered /Users/marialuisafonacier/.rbenv/versions/2.1.2/lib/ruby/gems/2.1.0/gems/actionpack-4.1.7/lib/action_dispatch/middleware/templates/routes/_route.html.erb (2.4ms)
  Rendered /Users/marialuisafonacier/.rbenv/versions/2.1.2/lib/ruby/gems/2.1.0/gems/actionpack-4.1.7/lib/action_dispatch/middleware/templates/routes/_table.html.erb (258.0ms)
  Rendered /Users/marialuisafonacier/.rbenv/versions/2.1.2/lib/ruby/gems/2.1.0/gems/actionpack-4.1.7/lib/action_dispatch/middleware/templates/rescues/routing_error.html.erb within rescues/layout (307.4ms)


Started GET "/index.html" for 127.0.0.1 at 2014-11-10 16:28:03 -0500

ActionController::RoutingError (No route matches [GET] "/index.html"):
  actionpack (4.1.7) lib/action_dispatch/middleware/debug_exceptions.rb:21:in `call'
  actionpack (4.1.7) lib/action_dispatch/middleware/show_exceptions.rb:30:in `call'
  railties (4.1.7) lib/rails/rack/logger.rb:38:in `call_app'
  railties (4.1.7) lib/rails/rack/logger.rb:20:in `block in call'
  activesupport (4.1.7) lib/active_support/tagged_logging.rb:68:in `block in tagged'
  activesupport (4.1.7) lib/active_support/tagged_logging.rb:26:in `tagged'
  activesupport (4.1.7) lib/active_support/tagged_logging.rb:68:in `tagged'
  railties (4.1.7) lib/rails/rack/logger.rb:20:in `call'
  actionpack (4.1.7) lib/action_dispatch/middleware/request_id.rb:21:in `call'
  rack (1.5.2) lib/rack/methodoverride.rb:21:in `call'
  rack (1.5.2) lib/rack/runtime.rb:17:in `call'
  activesupport (4.1.7) lib/active_support/cache/strategy/local_cache_middleware.rb:26:in `call'
  rack (1.5.2) lib/rack/lock.rb:17:in `call'
  actionpack (4.1.7) lib/action_dispatch/middleware/static.rb:84:in `call'
  rack (1.5.2) lib/rack/sendfile.rb:112:in `call'
  railties (4.1.7) lib/rails/engine.rb:514:in `call'
  railties (4.1.7) lib/rails/application.rb:144:in `call'
  rack (1.5.2) lib/rack/lock.rb:17:in `call'
  rack (1.5.2) lib/rack/content_length.rb:14:in `call'
  rack (1.5.2) lib/rack/handler/webrick.rb:60:in `service'
  /Users/marialuisafonacier/.rbenv/versions/2.1.2/lib/ruby/2.1.0/webrick/httpserver.rb:138:in `service'
  /Users/marialuisafonacier/.rbenv/versions/2.1.2/lib/ruby/2.1.0/webrick/httpserver.rb:94:in `run'
  /Users/marialuisafonacier/.rbenv/versions/2.1.2/lib/ruby/2.1.0/webrick/server.rb:295:in `block in start_thread'


  Rendered /Users/marialuisafonacier/.rbenv/versions/2.1.2/lib/ruby/gems/2.1.0/gems/actionpack-4.1.7/lib/action_dispatch/middleware/templates/rescues/_trace.html.erb (1.9ms)
  Rendered /Users/marialuisafonacier/.rbenv/versions/2.1.2/lib/ruby/gems/2.1.0/gems/actionpack-4.1.7/lib/action_dispatch/middleware/templates/routes/_route.html.erb (2.5ms)
  Rendered /Users/marialuisafonacier/.rbenv/versions/2.1.2/lib/ruby/gems/2.1.0/gems/actionpack-4.1.7/lib/action_dispatch/middleware/templates/routes/_table.html.erb (1.9ms)
  Rendered /Users/marialuisafonacier/.rbenv/versions/2.1.2/lib/ruby/gems/2.1.0/gems/actionpack-4.1.7/lib/action_dispatch/middleware/templates/rescues/routing_error.html.erb within rescues/layout (32.9ms)


Started GET "/products/index.html" for 127.0.0.1 at 2014-11-10 16:29:00 -0500
Processing by ProductsController#show as HTML
  Parameters: {"id"=>"index"}
  [1m[35mProduct Load (17.6ms)[0m  SELECT  "products".* FROM "products"  WHERE "products"."id" = ? LIMIT 1  [["id", 0]]
Completed 404 Not Found in 245ms

ActiveRecord::RecordNotFound (Couldn't find Product with 'id'=index):
  app/controllers/products_controller.rb:7:in `show'


  Rendered /Users/marialuisafonacier/.rbenv/versions/2.1.2/lib/ruby/gems/2.1.0/gems/actionpack-4.1.7/lib/action_dispatch/middleware/templates/rescues/_source.erb (1.2ms)
  Rendered /Users/marialuisafonacier/.rbenv/versions/2.1.2/lib/ruby/gems/2.1.0/gems/actionpack-4.1.7/lib/action_dispatch/middleware/templates/rescues/_trace.html.erb (14.6ms)
  Rendered /Users/marialuisafonacier/.rbenv/versions/2.1.2/lib/ruby/gems/2.1.0/gems/actionpack-4.1.7/lib/action_dispatch/middleware/templates/rescues/_request_and_response.html.erb (1.8ms)
  Rendered /Users/marialuisafonacier/.rbenv/versions/2.1.2/lib/ruby/gems/2.1.0/gems/actionpack-4.1.7/lib/action_dispatch/middleware/templates/rescues/diagnostics.erb within rescues/layout (83.5ms)


Started GET "/products/show.html" for 127.0.0.1 at 2014-11-10 16:31:37 -0500
Processing by ProductsController#show as HTML
  Parameters: {"id"=>"show"}
  [1m[36mProduct Load (0.2ms)[0m  [1mSELECT  "products".* FROM "products"  WHERE "products"."id" = ? LIMIT 1[0m  [["id", 0]]
Completed 404 Not Found in 2ms

ActiveRecord::RecordNotFound (Couldn't find Product with 'id'=show):
  app/controllers/products_controller.rb:7:in `show'


  Rendered /Users/marialuisafonacier/.rbenv/versions/2.1.2/lib/ruby/gems/2.1.0/gems/actionpack-4.1.7/lib/action_dispatch/middleware/templates/rescues/_source.erb (1.1ms)
  Rendered /Users/marialuisafonacier/.rbenv/versions/2.1.2/lib/ruby/gems/2.1.0/gems/actionpack-4.1.7/lib/action_dispatch/middleware/templates/rescues/_trace.html.erb (2.1ms)
  Rendered /Users/marialuisafonacier/.rbenv/versions/2.1.2/lib/ruby/gems/2.1.0/gems/actionpack-4.1.7/lib/action_dispatch/middleware/templates/rescues/_request_and_response.html.erb (1.5ms)
  Rendered /Users/marialuisafonacier/.rbenv/versions/2.1.2/lib/ruby/gems/2.1.0/gems/actionpack-4.1.7/lib/action_dispatch/middleware/templates/rescues/diagnostics.erb within rescues/layout (26.9ms)


Started GET "/products/edit.html" for 127.0.0.1 at 2014-11-10 16:31:46 -0500
Processing by ProductsController#show as HTML
  Parameters: {"id"=>"edit"}
  [1m[35mProduct Load (0.2ms)[0m  SELECT  "products".* FROM "products"  WHERE "products"."id" = ? LIMIT 1  [["id", 0]]
Completed 404 Not Found in 1ms

ActiveRecord::RecordNotFound (Couldn't find Product with 'id'=edit):
  app/controllers/products_controller.rb:7:in `show'


  Rendered /Users/marialuisafonacier/.rbenv/versions/2.1.2/lib/ruby/gems/2.1.0/gems/actionpack-4.1.7/lib/action_dispatch/middleware/templates/rescues/_source.erb (1.1ms)
  Rendered /Users/marialuisafonacier/.rbenv/versions/2.1.2/lib/ruby/gems/2.1.0/gems/actionpack-4.1.7/lib/action_dispatch/middleware/templates/rescues/_trace.html.erb (1.9ms)
  Rendered /Users/marialuisafonacier/.rbenv/versions/2.1.2/lib/ruby/gems/2.1.0/gems/actionpack-4.1.7/lib/action_dispatch/middleware/templates/rescues/_request_and_response.html.erb (1.5ms)
  Rendered /Users/marialuisafonacier/.rbenv/versions/2.1.2/lib/ruby/gems/2.1.0/gems/actionpack-4.1.7/lib/action_dispatch/middleware/templates/rescues/diagnostics.erb within rescues/layout (26.6ms)


Started GET "/products/new" for 127.0.0.1 at 2014-11-10 16:32:06 -0500
Processing by ProductsController#new as HTML
  Rendered products/_form.html.erb (147.8ms)
  Rendered products/new.html.erb within layouts/application (150.0ms)
Completed 200 OK in 2851ms (Views: 2850.1ms | ActiveRecord: 0.0ms)


Started GET "/assets/products.css?body=1" for 127.0.0.1 at 2014-11-10 16:32:09 -0500


Started GET "/assets/products.js?body=1" for 127.0.0.1 at 2014-11-10 16:32:09 -0500


Started GET "/assets/turbolinks.js?body=1" for 127.0.0.1 at 2014-11-10 16:32:09 -0500


Started GET "/assets/application.css?body=1" for 127.0.0.1 at 2014-11-10 16:32:09 -0500


Started GET "/assets/jquery_ujs.js?body=1" for 127.0.0.1 at 2014-11-10 16:32:09 -0500


Started GET "/assets/jquery.js?body=1" for 127.0.0.1 at 2014-11-10 16:32:09 -0500


Started GET "/assets/application.js?body=1" for 127.0.0.1 at 2014-11-10 16:32:09 -0500


Started POST "/products" for 127.0.0.1 at 2014-11-10 16:32:32 -0500
Processing by ProductsController#create as HTML
  Parameters: {"utf8"=>"✓", "authenticity_token"=>"Y0lVMLkOzidg37jijrMKAQ4cW3SPFXWGaqj2JnnmDOw=", "product"=>{"name"=>"Maria's new product", "description"=>"A new product by Maria", "price_in_cents"=>"1000"}, "commit"=>"Create Product"}
  [1m[36m (0.2ms)[0m  [1mbegin transaction[0m
  [1m[35mSQL (18.3ms)[0m  INSERT INTO "products" ("created_at", "description", "name", "price_in_cents", "updated_at") VALUES (?, ?, ?, ?, ?)  [["created_at", "2014-11-10 21:32:32.921523"], ["description", "A new product by Maria"], ["name", "Maria's new product"], ["price_in_cents", 1000], ["updated_at", "2014-11-10 21:32:32.921523"]]
  [1m[36m (2.7ms)[0m  [1mcommit transaction[0m
Redirected to http://localhost:3000/products
Completed 302 Found in 67ms (ActiveRecord: 21.2ms)


Started GET "/products" for 127.0.0.1 at 2014-11-10 16:32:33 -0500
Processing by ProductsController#index as HTML
  Rendered products/index.html.erb within layouts/application (0.6ms)
Completed 200 OK in 73ms (Views: 72.2ms | ActiveRecord: 0.0ms)


Started GET "/assets/application.css?body=1" for 127.0.0.1 at 2014-11-10 16:32:33 -0500


Started GET "/assets/jquery.js?body=1" for 127.0.0.1 at 2014-11-10 16:32:33 -0500


Started GET "/assets/application.js?body=1" for 127.0.0.1 at 2014-11-10 16:32:33 -0500


Started GET "/assets/jquery_ujs.js?body=1" for 127.0.0.1 at 2014-11-10 16:32:33 -0500


Started GET "/products/show" for 127.0.0.1 at 2014-11-10 16:32:45 -0500
Processing by ProductsController#show as HTML
  Parameters: {"id"=>"show"}
  [1m[35mProduct Load (0.2ms)[0m  SELECT  "products".* FROM "products"  WHERE "products"."id" = ? LIMIT 1  [["id", 0]]
Completed 404 Not Found in 2ms

ActiveRecord::RecordNotFound (Couldn't find Product with 'id'=show):
  app/controllers/products_controller.rb:7:in `show'


  Rendered /Users/marialuisafonacier/.rbenv/versions/2.1.2/lib/ruby/gems/2.1.0/gems/actionpack-4.1.7/lib/action_dispatch/middleware/templates/rescues/_source.erb (1.1ms)
  Rendered /Users/marialuisafonacier/.rbenv/versions/2.1.2/lib/ruby/gems/2.1.0/gems/actionpack-4.1.7/lib/action_dispatch/middleware/templates/rescues/_trace.html.erb (2.0ms)
  Rendered /Users/marialuisafonacier/.rbenv/versions/2.1.2/lib/ruby/gems/2.1.0/gems/actionpack-4.1.7/lib/action_dispatch/middleware/templates/rescues/_request_and_response.html.erb (1.6ms)
  Rendered /Users/marialuisafonacier/.rbenv/versions/2.1.2/lib/ruby/gems/2.1.0/gems/actionpack-4.1.7/lib/action_dispatch/middleware/templates/rescues/diagnostics.erb within rescues/layout (26.8ms)


Started GET "/products/1" for 127.0.0.1 at 2014-11-10 16:33:11 -0500
Processing by ProductsController#show as HTML
  Parameters: {"id"=>"1"}
  [1m[36mProduct Load (0.2ms)[0m  [1mSELECT  "products".* FROM "products"  WHERE "products"."id" = ? LIMIT 1[0m  [["id", 1]]
  Rendered products/show.html.erb within layouts/application (0.5ms)
Completed 200 OK in 82ms (Views: 79.9ms | ActiveRecord: 0.2ms)


Started GET "/assets/application.css?body=1" for 127.0.0.1 at 2014-11-10 16:33:11 -0500


Started GET "/assets/application.js?body=1" for 127.0.0.1 at 2014-11-10 16:33:11 -0500


Started GET "/assets/jquery.js?body=1" for 127.0.0.1 at 2014-11-10 16:33:11 -0500


Started GET "/assets/jquery_ujs.js?body=1" for 127.0.0.1 at 2014-11-10 16:33:11 -0500


Started GET "/products/1/edit" for 127.0.0.1 at 2014-11-10 16:33:27 -0500
Processing by ProductsController#edit as HTML
  Parameters: {"id"=>"1"}
  [1m[35mProduct Load (0.2ms)[0m  SELECT  "products".* FROM "products"  WHERE "products"."id" = ? LIMIT 1  [["id", 1]]
  Rendered products/edit.html.erb within layouts/application (0.5ms)
Completed 200 OK in 115ms (Views: 113.0ms | ActiveRecord: 0.2ms)


Started GET "/assets/application.css?body=1" for 127.0.0.1 at 2014-11-10 16:33:27 -0500


Started GET "/assets/jquery.js?body=1" for 127.0.0.1 at 2014-11-10 16:33:27 -0500


Started GET "/assets/jquery_ujs.js?body=1" for 127.0.0.1 at 2014-11-10 16:33:27 -0500


Started GET "/assets/application.js?body=1" for 127.0.0.1 at 2014-11-10 16:33:27 -0500


Started GET "/products/1/show" for 127.0.0.1 at 2014-11-10 16:33:35 -0500

ActionController::RoutingError (No route matches [GET] "/products/1/show"):
  actionpack (4.1.7) lib/action_dispatch/middleware/debug_exceptions.rb:21:in `call'
  actionpack (4.1.7) lib/action_dispatch/middleware/show_exceptions.rb:30:in `call'
  railties (4.1.7) lib/rails/rack/logger.rb:38:in `call_app'
  railties (4.1.7) lib/rails/rack/logger.rb:20:in `block in call'
  activesupport (4.1.7) lib/active_support/tagged_logging.rb:68:in `block in tagged'
  activesupport (4.1.7) lib/active_support/tagged_logging.rb:26:in `tagged'
  activesupport (4.1.7) lib/active_support/tagged_logging.rb:68:in `tagged'
  railties (4.1.7) lib/rails/rack/logger.rb:20:in `call'
  actionpack (4.1.7) lib/action_dispatch/middleware/request_id.rb:21:in `call'
  rack (1.5.2) lib/rack/methodoverride.rb:21:in `call'
  rack (1.5.2) lib/rack/runtime.rb:17:in `call'
  activesupport (4.1.7) lib/active_support/cache/strategy/local_cache_middleware.rb:26:in `call'
  rack (1.5.2) lib/rack/lock.rb:17:in `call'
  actionpack (4.1.7) lib/action_dispatch/middleware/static.rb:84:in `call'
  rack (1.5.2) lib/rack/sendfile.rb:112:in `call'
  railties (4.1.7) lib/rails/engine.rb:514:in `call'
  railties (4.1.7) lib/rails/application.rb:144:in `call'
  rack (1.5.2) lib/rack/lock.rb:17:in `call'
  rack (1.5.2) lib/rack/content_length.rb:14:in `call'
  rack (1.5.2) lib/rack/handler/webrick.rb:60:in `service'
  /Users/marialuisafonacier/.rbenv/versions/2.1.2/lib/ruby/2.1.0/webrick/httpserver.rb:138:in `service'
  /Users/marialuisafonacier/.rbenv/versions/2.1.2/lib/ruby/2.1.0/webrick/httpserver.rb:94:in `run'
  /Users/marialuisafonacier/.rbenv/versions/2.1.2/lib/ruby/2.1.0/webrick/server.rb:295:in `block in start_thread'


  Rendered /Users/marialuisafonacier/.rbenv/versions/2.1.2/lib/ruby/gems/2.1.0/gems/actionpack-4.1.7/lib/action_dispatch/middleware/templates/rescues/_trace.html.erb (2.1ms)
  Rendered /Users/marialuisafonacier/.rbenv/versions/2.1.2/lib/ruby/gems/2.1.0/gems/actionpack-4.1.7/lib/action_dispatch/middleware/templates/routes/_route.html.erb (2.6ms)
  Rendered /Users/marialuisafonacier/.rbenv/versions/2.1.2/lib/ruby/gems/2.1.0/gems/actionpack-4.1.7/lib/action_dispatch/middleware/templates/routes/_table.html.erb (1.9ms)
  Rendered /Users/marialuisafonacier/.rbenv/versions/2.1.2/lib/ruby/gems/2.1.0/gems/actionpack-4.1.7/lib/action_dispatch/middleware/templates/rescues/routing_error.html.erb within rescues/layout (37.6ms)


Started GET "/products/show" for 127.0.0.1 at 2014-11-10 16:33:46 -0500
Processing by ProductsController#show as HTML
  Parameters: {"id"=>"show"}
  [1m[36mProduct Load (0.2ms)[0m  [1mSELECT  "products".* FROM "products"  WHERE "products"."id" = ? LIMIT 1[0m  [["id", 0]]
Completed 404 Not Found in 2ms

ActiveRecord::RecordNotFound (Couldn't find Product with 'id'=show):
  app/controllers/products_controller.rb:7:in `show'


  Rendered /Users/marialuisafonacier/.rbenv/versions/2.1.2/lib/ruby/gems/2.1.0/gems/actionpack-4.1.7/lib/action_dispatch/middleware/templates/rescues/_source.erb (1.2ms)
  Rendered /Users/marialuisafonacier/.rbenv/versions/2.1.2/lib/ruby/gems/2.1.0/gems/actionpack-4.1.7/lib/action_dispatch/middleware/templates/rescues/_trace.html.erb (2.3ms)
  Rendered /Users/marialuisafonacier/.rbenv/versions/2.1.2/lib/ruby/gems/2.1.0/gems/actionpack-4.1.7/lib/action_dispatch/middleware/templates/rescues/_request_and_response.html.erb (1.5ms)
  Rendered /Users/marialuisafonacier/.rbenv/versions/2.1.2/lib/ruby/gems/2.1.0/gems/actionpack-4.1.7/lib/action_dispatch/middleware/templates/rescues/diagnostics.erb within rescues/layout (27.2ms)


Started GET "/products/show/1" for 127.0.0.1 at 2014-11-10 16:34:19 -0500

ActionController::RoutingError (No route matches [GET] "/products/show/1"):
  actionpack (4.1.7) lib/action_dispatch/middleware/debug_exceptions.rb:21:in `call'
  actionpack (4.1.7) lib/action_dispatch/middleware/show_exceptions.rb:30:in `call'
  railties (4.1.7) lib/rails/rack/logger.rb:38:in `call_app'
  railties (4.1.7) lib/rails/rack/logger.rb:20:in `block in call'
  activesupport (4.1.7) lib/active_support/tagged_logging.rb:68:in `block in tagged'
  activesupport (4.1.7) lib/active_support/tagged_logging.rb:26:in `tagged'
  activesupport (4.1.7) lib/active_support/tagged_logging.rb:68:in `tagged'
  railties (4.1.7) lib/rails/rack/logger.rb:20:in `call'
  actionpack (4.1.7) lib/action_dispatch/middleware/request_id.rb:21:in `call'
  rack (1.5.2) lib/rack/methodoverride.rb:21:in `call'
  rack (1.5.2) lib/rack/runtime.rb:17:in `call'
  activesupport (4.1.7) lib/active_support/cache/strategy/local_cache_middleware.rb:26:in `call'
  rack (1.5.2) lib/rack/lock.rb:17:in `call'
  actionpack (4.1.7) lib/action_dispatch/middleware/static.rb:84:in `call'
  rack (1.5.2) lib/rack/sendfile.rb:112:in `call'
  railties (4.1.7) lib/rails/engine.rb:514:in `call'
  railties (4.1.7) lib/rails/application.rb:144:in `call'
  rack (1.5.2) lib/rack/lock.rb:17:in `call'
  rack (1.5.2) lib/rack/content_length.rb:14:in `call'
  rack (1.5.2) lib/rack/handler/webrick.rb:60:in `service'
  /Users/marialuisafonacier/.rbenv/versions/2.1.2/lib/ruby/2.1.0/webrick/httpserver.rb:138:in `service'
  /Users/marialuisafonacier/.rbenv/versions/2.1.2/lib/ruby/2.1.0/webrick/httpserver.rb:94:in `run'
  /Users/marialuisafonacier/.rbenv/versions/2.1.2/lib/ruby/2.1.0/webrick/server.rb:295:in `block in start_thread'


  Rendered /Users/marialuisafonacier/.rbenv/versions/2.1.2/lib/ruby/gems/2.1.0/gems/actionpack-4.1.7/lib/action_dispatch/middleware/templates/rescues/_trace.html.erb (1.8ms)
  Rendered /Users/marialuisafonacier/.rbenv/versions/2.1.2/lib/ruby/gems/2.1.0/gems/actionpack-4.1.7/lib/action_dispatch/middleware/templates/routes/_route.html.erb (2.3ms)
  Rendered /Users/marialuisafonacier/.rbenv/versions/2.1.2/lib/ruby/gems/2.1.0/gems/actionpack-4.1.7/lib/action_dispatch/middleware/templates/routes/_table.html.erb (1.8ms)
  Rendered /Users/marialuisafonacier/.rbenv/versions/2.1.2/lib/ruby/gems/2.1.0/gems/actionpack-4.1.7/lib/action_dispatch/middleware/templates/rescues/routing_error.html.erb within rescues/layout (31.8ms)


Started GET "/products/show/" for 127.0.0.1 at 2014-11-10 16:37:10 -0500
Processing by ProductsController#show as HTML
  Parameters: {"id"=>"show"}
  [1m[35mProduct Load (0.2ms)[0m  SELECT  "products".* FROM "products"  WHERE "products"."id" = ? LIMIT 1  [["id", 0]]
Completed 404 Not Found in 6ms

ActiveRecord::RecordNotFound (Couldn't find Product with 'id'=show):
  app/controllers/products_controller.rb:7:in `show'


  Rendered /Users/marialuisafonacier/.rbenv/versions/2.1.2/lib/ruby/gems/2.1.0/gems/actionpack-4.1.7/lib/action_dispatch/middleware/templates/rescues/_source.erb (1.0ms)
  Rendered /Users/marialuisafonacier/.rbenv/versions/2.1.2/lib/ruby/gems/2.1.0/gems/actionpack-4.1.7/lib/action_dispatch/middleware/templates/rescues/_trace.html.erb (2.0ms)
  Rendered /Users/marialuisafonacier/.rbenv/versions/2.1.2/lib/ruby/gems/2.1.0/gems/actionpack-4.1.7/lib/action_dispatch/middleware/templates/rescues/_request_and_response.html.erb (1.8ms)
  Rendered /Users/marialuisafonacier/.rbenv/versions/2.1.2/lib/ruby/gems/2.1.0/gems/actionpack-4.1.7/lib/action_dispatch/middleware/templates/rescues/diagnostics.erb within rescues/layout (27.9ms)


Started GET "/products/new/" for 127.0.0.1 at 2014-11-10 16:37:31 -0500
Processing by ProductsController#new as HTML
  Rendered products/_form.html.erb (9.0ms)
  Rendered products/new.html.erb within layouts/application (10.2ms)
Completed 200 OK in 78ms (Views: 77.0ms | ActiveRecord: 0.0ms)


Started GET "/assets/products.css?body=1" for 127.0.0.1 at 2014-11-10 16:37:31 -0500


Started GET "/assets/jquery_ujs.js?body=1" for 127.0.0.1 at 2014-11-10 16:37:31 -0500


Started GET "/assets/application.css?body=1" for 127.0.0.1 at 2014-11-10 16:37:31 -0500


Started GET "/assets/jquery.js?body=1" for 127.0.0.1 at 2014-11-10 16:37:31 -0500


Started GET "/assets/application.js?body=1" for 127.0.0.1 at 2014-11-10 16:37:31 -0500


Started GET "/assets/products.js?body=1" for 127.0.0.1 at 2014-11-10 16:37:31 -0500


Started POST "/products" for 127.0.0.1 at 2014-11-10 16:38:01 -0500
Processing by ProductsController#create as HTML
  Parameters: {"utf8"=>"✓", "authenticity_token"=>"Y0lVMLkOzidg37jijrMKAQ4cW3SPFXWGaqj2JnnmDOw=", "product"=>{"name"=>"Maria's newer product", "description"=>"Another new product of Maria's line", "price_in_cents"=>"500"}, "commit"=>"Create Product"}
  [1m[36m (0.2ms)[0m  [1mbegin transaction[0m
  [1m[35mSQL (1.0ms)[0m  INSERT INTO "products" ("created_at", "description", "name", "price_in_cents", "updated_at") VALUES (?, ?, ?, ?, ?)  [["created_at", "2014-11-10 21:38:01.804071"], ["description", "Another new product of Maria's line"], ["name", "Maria's newer product"], ["price_in_cents", 500], ["updated_at", "2014-11-10 21:38:01.804071"]]
  [1m[36m (37.1ms)[0m  [1mcommit transaction[0m
Redirected to http://localhost:3000/products
Completed 302 Found in 44ms (ActiveRecord: 38.3ms)


Started GET "/products" for 127.0.0.1 at 2014-11-10 16:38:01 -0500
Processing by ProductsController#index as HTML
  Rendered products/index.html.erb within layouts/application (0.1ms)
Completed 200 OK in 81ms (Views: 79.7ms | ActiveRecord: 0.0ms)


Started GET "/assets/products.css?body=1" for 127.0.0.1 at 2014-11-10 16:38:01 -0500


Started GET "/assets/application.js?body=1" for 127.0.0.1 at 2014-11-10 16:38:02 -0500


Started GET "/assets/jquery_ujs.js?body=1" for 127.0.0.1 at 2014-11-10 16:38:02 -0500


Started GET "/assets/jquery.js?body=1" for 127.0.0.1 at 2014-11-10 16:38:02 -0500


Started GET "/assets/application.css?body=1" for 127.0.0.1 at 2014-11-10 16:38:02 -0500


Started GET "/assets/products.js?body=1" for 127.0.0.1 at 2014-11-10 16:38:02 -0500


Started GET "/products" for 127.0.0.1 at 2014-11-10 16:38:05 -0500
Processing by ProductsController#index as HTML
  Rendered products/index.html.erb within layouts/application (0.6ms)
Completed 200 OK in 71ms (Views: 70.7ms | ActiveRecord: 0.0ms)


Started GET "/products/show" for 127.0.0.1 at 2014-11-10 16:39:51 -0500
Processing by ProductsController#show as HTML
  Parameters: {"id"=>"show"}
  [1m[35mProduct Load (10.9ms)[0m  SELECT  "products".* FROM "products"  WHERE "products"."id" = ? LIMIT 1  [["id", 0]]
Completed 404 Not Found in 13ms

ActiveRecord::RecordNotFound (Couldn't find Product with 'id'=show):
  app/controllers/products_controller.rb:7:in `show'


  Rendered /Users/marialuisafonacier/.rbenv/versions/2.1.2/lib/ruby/gems/2.1.0/gems/actionpack-4.1.7/lib/action_dispatch/middleware/templates/rescues/_source.erb (1.3ms)
  Rendered /Users/marialuisafonacier/.rbenv/versions/2.1.2/lib/ruby/gems/2.1.0/gems/actionpack-4.1.7/lib/action_dispatch/middleware/templates/rescues/_trace.html.erb (2.5ms)
  Rendered /Users/marialuisafonacier/.rbenv/versions/2.1.2/lib/ruby/gems/2.1.0/gems/actionpack-4.1.7/lib/action_dispatch/middleware/templates/rescues/_request_and_response.html.erb (1.7ms)
  Rendered /Users/marialuisafonacier/.rbenv/versions/2.1.2/lib/ruby/gems/2.1.0/gems/actionpack-4.1.7/lib/action_dispatch/middleware/templates/rescues/diagnostics.erb within rescues/layout (54.1ms)


Started GET "/products/1" for 127.0.0.1 at 2014-11-10 16:39:58 -0500
Processing by ProductsController#show as HTML
  Parameters: {"id"=>"1"}
  [1m[36mProduct Load (0.2ms)[0m  [1mSELECT  "products".* FROM "products"  WHERE "products"."id" = ? LIMIT 1[0m  [["id", 1]]
  Rendered products/show.html.erb within layouts/application (0.1ms)
Completed 200 OK in 166ms (Views: 163.9ms | ActiveRecord: 0.2ms)


Started GET "/assets/products.css?body=1" for 127.0.0.1 at 2014-11-10 16:39:59 -0500


Started GET "/assets/application.css?body=1" for 127.0.0.1 at 2014-11-10 16:39:59 -0500


Started GET "/assets/application.js?body=1" for 127.0.0.1 at 2014-11-10 16:39:59 -0500


Started GET "/assets/products.js?body=1" for 127.0.0.1 at 2014-11-10 16:39:59 -0500


Started GET "/assets/jquery.js?body=1" for 127.0.0.1 at 2014-11-10 16:39:59 -0500


Started GET "/assets/turbolinks.js?body=1" for 127.0.0.1 at 2014-11-10 16:39:59 -0500


Started GET "/assets/jquery_ujs.js?body=1" for 127.0.0.1 at 2014-11-10 16:39:59 -0500
